Mar 16, 2018 3:29:27 PM org.apache.catalina.startup.VersionLoggerListener log
INFO: Server version:        Apache Tomcat/7.0.85
Mar 16, 2018 3:29:27 PM org.apache.catalina.startup.VersionLoggerListener log
INFO: Server built:          Feb 7 2018 18:52:33 UTC
Mar 16, 2018 3:29:27 PM org.apache.catalina.startup.VersionLoggerListener log
INFO: Server number:         7.0.85.0
Mar 16, 2018 3:29:27 PM org.apache.catalina.startup.VersionLoggerListener log
INFO: OS Name:               Mac OS X
Mar 16, 2018 3:29:27 PM org.apache.catalina.startup.VersionLoggerListener log
INFO: OS Version:            10.13.3
Mar 16, 2018 3:29:27 PM org.apache.catalina.startup.VersionLoggerListener log
INFO: Architecture:          x86_64
Mar 16, 2018 3:29:27 PM org.apache.catalina.startup.VersionLoggerListener log
INFO: Java Home:             /Library/Java/JavaVirtualMachines/jdk1.8.0_144.jdk/Contents/Home/jre
Mar 16, 2018 3:29:27 PM org.apache.catalina.startup.VersionLoggerListener log
INFO: JVM Version:           1.8.0_144-b01
Mar 16, 2018 3:29:27 PM org.apache.catalina.startup.VersionLoggerListener log
INFO: JVM Vendor:            Oracle Corporation
Mar 16, 2018 3:29:27 PM org.apache.catalina.startup.VersionLoggerListener log
INFO: CATALINA_BASE:         /Users/tianzhang/Downloads/apache-tomcat-7.0.85
Mar 16, 2018 3:29:27 PM org.apache.catalina.startup.VersionLoggerListener log
INFO: CATALINA_HOME:         /Users/tianzhang/Downloads/apache-tomcat-7.0.85
Mar 16, 2018 3:29:27 PM org.apache.catalina.startup.VersionLoggerListener log
INFO: Command line argument: -Djava.util.logging.config.file=/Users/tianzhang/Downloads/apache-tomcat-7.0.85/conf/logging.properties
Mar 16, 2018 3:29:27 PM org.apache.catalina.startup.VersionLoggerListener log
INFO: Command line argument: -Djava.util.logging.manager=org.apache.juli.ClassLoaderLogManager
Mar 16, 2018 3:29:27 PM org.apache.catalina.startup.VersionLoggerListener log
INFO: Command line argument: -Djdk.tls.ephemeralDHKeySize=2048
Mar 16, 2018 3:29:27 PM org.apache.catalina.startup.VersionLoggerListener log
INFO: Command line argument: -Dignore.endorsed.dirs=
Mar 16, 2018 3:29:27 PM org.apache.catalina.startup.VersionLoggerListener log
INFO: Command line argument: -Dcatalina.base=/Users/tianzhang/Downloads/apache-tomcat-7.0.85
Mar 16, 2018 3:29:27 PM org.apache.catalina.startup.VersionLoggerListener log
INFO: Command line argument: -Dcatalina.home=/Users/tianzhang/Downloads/apache-tomcat-7.0.85
Mar 16, 2018 3:29:27 PM org.apache.catalina.startup.VersionLoggerListener log
INFO: Command line argument: -Djava.io.tmpdir=/Users/tianzhang/Downloads/apache-tomcat-7.0.85/temp
Mar 16, 2018 3:29:27 PM org.apache.catalina.core.AprLifecycleListener lifecycleEvent
INFO: The APR based Apache Tomcat Native library which allows optimal performance in production environments was not found on the java.library.path: /Users/tianzhang/Library/Java/Extensions:/Library/Java/Extensions:/Network/Library/Java/Extensions:/System/Library/Java/Extensions:/usr/lib/java:.
Mar 16, 2018 3:29:27 PM org.apache.coyote.AbstractProtocol init
INFO: Initializing ProtocolHandler ["http-bio-8080"]
Mar 16, 2018 3:29:27 PM org.apache.coyote.AbstractProtocol init
INFO: Initializing ProtocolHandler ["ajp-bio-8009"]
Mar 16, 2018 3:29:27 PM org.apache.catalina.startup.Catalina load
INFO: Initialization processed in 427 ms
Mar 16, 2018 3:29:27 PM org.apache.catalina.core.StandardService startInternal
INFO: Starting service Catalina
Mar 16, 2018 3:29:27 PM org.apache.catalina.core.StandardEngine startInternal
INFO: Starting Servlet Engine: Apache Tomcat/7.0.85
Mar 16, 2018 3:29:27 PM org.apache.catalina.startup.HostConfig deployWAR
INFO: Deploying web application archive /Users/tianzhang/Downloads/apache-tomcat-7.0.85/webapps/Twibo.war
Mar 16, 2018 3:29:28 PM org.apache.catalina.startup.TldConfig execute
INFO: At least one JAR was scanned for TLDs yet contained no TLDs. Enable debug logging for this logger for a complete list of JARs that were scanned but no TLDs were found in them. Skipping unneeded JARs during scanning can improve startup time and JSP compilation time.
Mar 16, 2018 3:29:28 PM org.apache.catalina.startup.HostConfig deployWAR
INFO: Deployment of web application archive /Users/tianzhang/Downloads/apache-tomcat-7.0.85/webapps/Twibo.war has finished in 1,133 ms
Mar 16, 2018 3:29:28 PM org.apache.catalina.startup.HostConfig deployDirectory
INFO: Deploying web application directory /Users/tianzhang/Downloads/apache-tomcat-7.0.85/webapps/docs
Mar 16, 2018 3:29:28 PM org.apache.catalina.startup.TldConfig execute
INFO: At least one JAR was scanned for TLDs yet contained no TLDs. Enable debug logging for this logger for a complete list of JARs that were scanned but no TLDs were found in them. Skipping unneeded JARs during scanning can improve startup time and JSP compilation time.
Mar 16, 2018 3:29:28 PM org.apache.catalina.startup.HostConfig deployDirectory
INFO: Deployment of web application directory /Users/tianzhang/Downloads/apache-tomcat-7.0.85/webapps/docs has finished in 64 ms
Mar 16, 2018 3:29:28 PM org.apache.catalina.startup.HostConfig deployDirectory
INFO: Deploying web application directory /Users/tianzhang/Downloads/apache-tomcat-7.0.85/webapps/manager
Mar 16, 2018 3:29:28 PM org.apache.catalina.startup.TldConfig execute
INFO: At least one JAR was scanned for TLDs yet contained no TLDs. Enable debug logging for this logger for a complete list of JARs that were scanned but no TLDs were found in them. Skipping unneeded JARs during scanning can improve startup time and JSP compilation time.
Mar 16, 2018 3:29:28 PM org.apache.catalina.startup.HostConfig deployDirectory
INFO: Deployment of web application directory /Users/tianzhang/Downloads/apache-tomcat-7.0.85/webapps/manager has finished in 96 ms
Mar 16, 2018 3:29:28 PM org.apache.catalina.startup.HostConfig deployDirectory
INFO: Deploying web application directory /Users/tianzhang/Downloads/apache-tomcat-7.0.85/webapps/examples
Mar 16, 2018 3:29:29 PM org.apache.catalina.startup.TldConfig execute
INFO: At least one JAR was scanned for TLDs yet contained no TLDs. Enable debug logging for this logger for a complete list of JARs that were scanned but no TLDs were found in them. Skipping unneeded JARs during scanning can improve startup time and JSP compilation time.
Mar 16, 2018 3:29:29 PM org.apache.catalina.startup.HostConfig deployDirectory
INFO: Deployment of web application directory /Users/tianzhang/Downloads/apache-tomcat-7.0.85/webapps/examples has finished in 227 ms
Mar 16, 2018 3:29:29 PM org.apache.catalina.startup.HostConfig deployDirectory
INFO: Deploying web application directory /Users/tianzhang/Downloads/apache-tomcat-7.0.85/webapps/ROOT
Mar 16, 2018 3:29:29 PM org.apache.catalina.startup.TldConfig execute
INFO: At least one JAR was scanned for TLDs yet contained no TLDs. Enable debug logging for this logger for a complete list of JARs that were scanned but no TLDs were found in them. Skipping unneeded JARs during scanning can improve startup time and JSP compilation time.
Mar 16, 2018 3:29:29 PM org.apache.catalina.startup.HostConfig deployDirectory
INFO: Deployment of web application directory /Users/tianzhang/Downloads/apache-tomcat-7.0.85/webapps/ROOT has finished in 34 ms
Mar 16, 2018 3:29:29 PM org.apache.catalina.startup.HostConfig deployDirectory
INFO: Deploying web application directory /Users/tianzhang/Downloads/apache-tomcat-7.0.85/webapps/host-manager
Mar 16, 2018 3:29:29 PM org.apache.catalina.startup.TldConfig execute
INFO: At least one JAR was scanned for TLDs yet contained no TLDs. Enable debug logging for this logger for a complete list of JARs that were scanned but no TLDs were found in them. Skipping unneeded JARs during scanning can improve startup time and JSP compilation time.
Mar 16, 2018 3:29:29 PM org.apache.catalina.startup.HostConfig deployDirectory
INFO: Deployment of web application directory /Users/tianzhang/Downloads/apache-tomcat-7.0.85/webapps/host-manager has finished in 59 ms
Mar 16, 2018 3:29:29 PM org.apache.coyote.AbstractProtocol start
INFO: Starting ProtocolHandler ["http-bio-8080"]
Mar 16, 2018 3:29:29 PM org.apache.coyote.AbstractProtocol start
INFO: Starting ProtocolHandler ["ajp-bio-8009"]
Mar 16, 2018 3:29:29 PM org.apache.catalina.startup.Catalina start
INFO: Server startup in 1666 ms
Mar 16, 2018 3:33:39 PM org.apache.catalina.startup.HostConfig undeploy
INFO: Undeploying context [/Twibo]
Mar 16, 2018 3:33:46 PM org.apache.coyote.AbstractProtocol pause
INFO: Pausing ProtocolHandler ["http-bio-8080"]
Mar 16, 2018 3:33:46 PM org.apache.coyote.AbstractProtocol pause
INFO: Pausing ProtocolHandler ["ajp-bio-8009"]
Mar 16, 2018 3:33:46 PM org.apache.catalina.core.StandardService stopInternal
INFO: Stopping service Catalina
Mar 16, 2018 3:33:46 PM org.apache.coyote.AbstractProtocol stop
INFO: Stopping ProtocolHandler ["http-bio-8080"]
Mar 16, 2018 3:33:46 PM org.apache.coyote.AbstractProtocol stop
INFO: Stopping ProtocolHandler ["ajp-bio-8009"]
Mar 16, 2018 3:33:46 PM org.apache.coyote.AbstractProtocol destroy
INFO: Destroying ProtocolHandler ["http-bio-8080"]
Mar 16, 2018 3:33:46 PM org.apache.coyote.AbstractProtocol destroy
INFO: Destroying ProtocolHandler ["ajp-bio-8009"]
Mar 16, 2018 3:35:36 PM org.apache.catalina.startup.VersionLoggerListener log
INFO: Server version:        Apache Tomcat/7.0.85
Mar 16, 2018 3:35:36 PM org.apache.catalina.startup.VersionLoggerListener log
INFO: Server built:          Feb 7 2018 18:52:33 UTC
Mar 16, 2018 3:35:36 PM org.apache.catalina.startup.VersionLoggerListener log
INFO: Server number:         7.0.85.0
Mar 16, 2018 3:35:36 PM org.apache.catalina.startup.VersionLoggerListener log
INFO: OS Name:               Mac OS X
Mar 16, 2018 3:35:36 PM org.apache.catalina.startup.VersionLoggerListener log
INFO: OS Version:            10.13.3
Mar 16, 2018 3:35:36 PM org.apache.catalina.startup.VersionLoggerListener log
INFO: Architecture:          x86_64
Mar 16, 2018 3:35:36 PM org.apache.catalina.startup.VersionLoggerListener log
INFO: Java Home:             /Library/Java/JavaVirtualMachines/jdk1.8.0_144.jdk/Contents/Home/jre
Mar 16, 2018 3:35:36 PM org.apache.catalina.startup.VersionLoggerListener log
INFO: JVM Version:           1.8.0_144-b01
Mar 16, 2018 3:35:36 PM org.apache.catalina.startup.VersionLoggerListener log
INFO: JVM Vendor:            Oracle Corporation
Mar 16, 2018 3:35:36 PM org.apache.catalina.startup.VersionLoggerListener log
INFO: CATALINA_BASE:         /Users/tianzhang/Downloads/apache-tomcat-7.0.85
Mar 16, 2018 3:35:36 PM org.apache.catalina.startup.VersionLoggerListener log
INFO: CATALINA_HOME:         /Users/tianzhang/Downloads/apache-tomcat-7.0.85
Mar 16, 2018 3:35:36 PM org.apache.catalina.startup.VersionLoggerListener log
INFO: Command line argument: -Djava.util.logging.config.file=/Users/tianzhang/Downloads/apache-tomcat-7.0.85/conf/logging.properties
Mar 16, 2018 3:35:36 PM org.apache.catalina.startup.VersionLoggerListener log
INFO: Command line argument: -Djava.util.logging.manager=org.apache.juli.ClassLoaderLogManager
Mar 16, 2018 3:35:36 PM org.apache.catalina.startup.VersionLoggerListener log
INFO: Command line argument: -Djdk.tls.ephemeralDHKeySize=2048
Mar 16, 2018 3:35:36 PM org.apache.catalina.startup.VersionLoggerListener log
INFO: Command line argument: -Dignore.endorsed.dirs=
Mar 16, 2018 3:35:36 PM org.apache.catalina.startup.VersionLoggerListener log
INFO: Command line argument: -Dcatalina.base=/Users/tianzhang/Downloads/apache-tomcat-7.0.85
Mar 16, 2018 3:35:36 PM org.apache.catalina.startup.VersionLoggerListener log
INFO: Command line argument: -Dcatalina.home=/Users/tianzhang/Downloads/apache-tomcat-7.0.85
Mar 16, 2018 3:35:36 PM org.apache.catalina.startup.VersionLoggerListener log
INFO: Command line argument: -Djava.io.tmpdir=/Users/tianzhang/Downloads/apache-tomcat-7.0.85/temp
Mar 16, 2018 3:35:36 PM org.apache.catalina.core.AprLifecycleListener lifecycleEvent
INFO: The APR based Apache Tomcat Native library which allows optimal performance in production environments was not found on the java.library.path: /Users/tianzhang/Library/Java/Extensions:/Library/Java/Extensions:/Network/Library/Java/Extensions:/System/Library/Java/Extensions:/usr/lib/java:.
Mar 16, 2018 3:35:36 PM org.apache.coyote.AbstractProtocol init
INFO: Initializing ProtocolHandler ["http-bio-8080"]
Mar 16, 2018 3:35:36 PM org.apache.coyote.AbstractProtocol init
INFO: Initializing ProtocolHandler ["ajp-bio-8009"]
Mar 16, 2018 3:35:36 PM org.apache.catalina.startup.Catalina load
INFO: Initialization processed in 424 ms
Mar 16, 2018 3:35:36 PM org.apache.catalina.core.StandardService startInternal
INFO: Starting service Catalina
Mar 16, 2018 3:35:36 PM org.apache.catalina.core.StandardEngine startInternal
INFO: Starting Servlet Engine: Apache Tomcat/7.0.85
Mar 16, 2018 3:35:36 PM org.apache.catalina.startup.HostConfig deployWAR
INFO: Deploying web application archive /Users/tianzhang/Downloads/apache-tomcat-7.0.85/webapps/Twibo.war
Mar 16, 2018 3:35:37 PM org.apache.catalina.startup.TldConfig execute
INFO: At least one JAR was scanned for TLDs yet contained no TLDs. Enable debug logging for this logger for a complete list of JARs that were scanned but no TLDs were found in them. Skipping unneeded JARs during scanning can improve startup time and JSP compilation time.
Mar 16, 2018 3:35:37 PM org.apache.catalina.startup.HostConfig deployWAR
INFO: Deployment of web application archive /Users/tianzhang/Downloads/apache-tomcat-7.0.85/webapps/Twibo.war has finished in 958 ms
Mar 16, 2018 3:35:37 PM org.apache.catalina.startup.HostConfig deployDirectory
INFO: Deploying web application directory /Users/tianzhang/Downloads/apache-tomcat-7.0.85/webapps/docs
Mar 16, 2018 3:35:37 PM org.apache.catalina.startup.TldConfig execute
INFO: At least one JAR was scanned for TLDs yet contained no TLDs. Enable debug logging for this logger for a complete list of JARs that were scanned but no TLDs were found in them. Skipping unneeded JARs during scanning can improve startup time and JSP compilation time.
Mar 16, 2018 3:35:37 PM org.apache.catalina.startup.HostConfig deployDirectory
INFO: Deployment of web application directory /Users/tianzhang/Downloads/apache-tomcat-7.0.85/webapps/docs has finished in 71 ms
Mar 16, 2018 3:35:37 PM org.apache.catalina.startup.HostConfig deployDirectory
INFO: Deploying web application directory /Users/tianzhang/Downloads/apache-tomcat-7.0.85/webapps/manager
Mar 16, 2018 3:35:37 PM org.apache.catalina.startup.TldConfig execute
INFO: At least one JAR was scanned for TLDs yet contained no TLDs. Enable debug logging for this logger for a complete list of JARs that were scanned but no TLDs were found in them. Skipping unneeded JARs during scanning can improve startup time and JSP compilation time.
Mar 16, 2018 3:35:37 PM org.apache.catalina.startup.HostConfig deployDirectory
INFO: Deployment of web application directory /Users/tianzhang/Downloads/apache-tomcat-7.0.85/webapps/manager has finished in 94 ms
Mar 16, 2018 3:35:37 PM org.apache.catalina.startup.HostConfig deployDirectory
INFO: Deploying web application directory /Users/tianzhang/Downloads/apache-tomcat-7.0.85/webapps/examples
Mar 16, 2018 3:35:37 PM org.apache.catalina.startup.TldConfig execute
INFO: At least one JAR was scanned for TLDs yet contained no TLDs. Enable debug logging for this logger for a complete list of JARs that were scanned but no TLDs were found in them. Skipping unneeded JARs during scanning can improve startup time and JSP compilation time.
Mar 16, 2018 3:35:37 PM org.apache.catalina.startup.HostConfig deployDirectory
INFO: Deployment of web application directory /Users/tianzhang/Downloads/apache-tomcat-7.0.85/webapps/examples has finished in 180 ms
Mar 16, 2018 3:35:37 PM org.apache.catalina.startup.HostConfig deployDirectory
INFO: Deploying web application directory /Users/tianzhang/Downloads/apache-tomcat-7.0.85/webapps/ROOT
Mar 16, 2018 3:35:37 PM org.apache.catalina.startup.TldConfig execute
INFO: At least one JAR was scanned for TLDs yet contained no TLDs. Enable debug logging for this logger for a complete list of JARs that were scanned but no TLDs were found in them. Skipping unneeded JARs during scanning can improve startup time and JSP compilation time.
Mar 16, 2018 3:35:37 PM org.apache.catalina.startup.HostConfig deployDirectory
INFO: Deployment of web application directory /Users/tianzhang/Downloads/apache-tomcat-7.0.85/webapps/ROOT has finished in 38 ms
Mar 16, 2018 3:35:37 PM org.apache.catalina.startup.HostConfig deployDirectory
INFO: Deploying web application directory /Users/tianzhang/Downloads/apache-tomcat-7.0.85/webapps/host-manager
Mar 16, 2018 3:35:37 PM org.apache.catalina.startup.TldConfig execute
INFO: At least one JAR was scanned for TLDs yet contained no TLDs. Enable debug logging for this logger for a complete list of JARs that were scanned but no TLDs were found in them. Skipping unneeded JARs during scanning can improve startup time and JSP compilation time.
Mar 16, 2018 3:35:37 PM org.apache.catalina.startup.HostConfig deployDirectory
INFO: Deployment of web application directory /Users/tianzhang/Downloads/apache-tomcat-7.0.85/webapps/host-manager has finished in 55 ms
Mar 16, 2018 3:35:37 PM org.apache.coyote.AbstractProtocol start
INFO: Starting ProtocolHandler ["http-bio-8080"]
Mar 16, 2018 3:35:37 PM org.apache.coyote.AbstractProtocol start
INFO: Starting ProtocolHandler ["ajp-bio-8009"]
Mar 16, 2018 3:35:37 PM org.apache.catalina.startup.Catalina start
INFO: Server startup in 1444 ms
Mar 16, 2018 3:43:45 PM org.apache.coyote.AbstractProtocol pause
INFO: Pausing ProtocolHandler ["http-bio-8080"]
Mar 16, 2018 3:43:45 PM org.apache.coyote.AbstractProtocol pause
INFO: Pausing ProtocolHandler ["ajp-bio-8009"]
Mar 16, 2018 3:43:45 PM org.apache.catalina.core.StandardService stopInternal
INFO: Stopping service Catalina
Mar 16, 2018 3:43:45 PM org.apache.coyote.AbstractProtocol stop
INFO: Stopping ProtocolHandler ["http-bio-8080"]
Mar 16, 2018 3:43:45 PM org.apache.coyote.AbstractProtocol stop
INFO: Stopping ProtocolHandler ["ajp-bio-8009"]
Mar 16, 2018 3:43:45 PM org.apache.coyote.AbstractProtocol destroy
INFO: Destroying ProtocolHandler ["http-bio-8080"]
Mar 16, 2018 3:43:45 PM org.apache.coyote.AbstractProtocol destroy
INFO: Destroying ProtocolHandler ["ajp-bio-8009"]
Mar 16, 2018 3:48:21 PM org.apache.catalina.startup.VersionLoggerListener log
INFO: Server version:        Apache Tomcat/7.0.85
Mar 16, 2018 3:48:21 PM org.apache.catalina.startup.VersionLoggerListener log
INFO: Server built:          Feb 7 2018 18:52:33 UTC
Mar 16, 2018 3:48:21 PM org.apache.catalina.startup.VersionLoggerListener log
INFO: Server number:         7.0.85.0
Mar 16, 2018 3:48:21 PM org.apache.catalina.startup.VersionLoggerListener log
INFO: OS Name:               Mac OS X
Mar 16, 2018 3:48:21 PM org.apache.catalina.startup.VersionLoggerListener log
INFO: OS Version:            10.13.3
Mar 16, 2018 3:48:21 PM org.apache.catalina.startup.VersionLoggerListener log
INFO: Architecture:          x86_64
Mar 16, 2018 3:48:21 PM org.apache.catalina.startup.VersionLoggerListener log
INFO: Java Home:             /Library/Java/JavaVirtualMachines/jdk1.8.0_144.jdk/Contents/Home/jre
Mar 16, 2018 3:48:21 PM org.apache.catalina.startup.VersionLoggerListener log
INFO: JVM Version:           1.8.0_144-b01
Mar 16, 2018 3:48:21 PM org.apache.catalina.startup.VersionLoggerListener log
INFO: JVM Vendor:            Oracle Corporation
Mar 16, 2018 3:48:21 PM org.apache.catalina.startup.VersionLoggerListener log
INFO: CATALINA_BASE:         /Users/tianzhang/Downloads/apache-tomcat-7.0.85
Mar 16, 2018 3:48:21 PM org.apache.catalina.startup.VersionLoggerListener log
INFO: CATALINA_HOME:         /Users/tianzhang/Downloads/apache-tomcat-7.0.85
Mar 16, 2018 3:48:21 PM org.apache.catalina.startup.VersionLoggerListener log
INFO: Command line argument: -Djava.util.logging.config.file=/Users/tianzhang/Downloads/apache-tomcat-7.0.85/conf/logging.properties
Mar 16, 2018 3:48:21 PM org.apache.catalina.startup.VersionLoggerListener log
INFO: Command line argument: -Djava.util.logging.manager=org.apache.juli.ClassLoaderLogManager
Mar 16, 2018 3:48:21 PM org.apache.catalina.startup.VersionLoggerListener log
INFO: Command line argument: -Djdk.tls.ephemeralDHKeySize=2048
Mar 16, 2018 3:48:21 PM org.apache.catalina.startup.VersionLoggerListener log
INFO: Command line argument: -Dignore.endorsed.dirs=
Mar 16, 2018 3:48:21 PM org.apache.catalina.startup.VersionLoggerListener log
INFO: Command line argument: -Dcatalina.base=/Users/tianzhang/Downloads/apache-tomcat-7.0.85
Mar 16, 2018 3:48:21 PM org.apache.catalina.startup.VersionLoggerListener log
INFO: Command line argument: -Dcatalina.home=/Users/tianzhang/Downloads/apache-tomcat-7.0.85
Mar 16, 2018 3:48:21 PM org.apache.catalina.startup.VersionLoggerListener log
INFO: Command line argument: -Djava.io.tmpdir=/Users/tianzhang/Downloads/apache-tomcat-7.0.85/temp
Mar 16, 2018 3:48:21 PM org.apache.catalina.core.AprLifecycleListener lifecycleEvent
INFO: The APR based Apache Tomcat Native library which allows optimal performance in production environments was not found on the java.library.path: /Users/tianzhang/Library/Java/Extensions:/Library/Java/Extensions:/Network/Library/Java/Extensions:/System/Library/Java/Extensions:/usr/lib/java:.
Mar 16, 2018 3:48:21 PM org.apache.coyote.AbstractProtocol init
INFO: Initializing ProtocolHandler ["http-bio-8080"]
Mar 16, 2018 3:48:21 PM org.apache.coyote.AbstractProtocol init
INFO: Initializing ProtocolHandler ["ajp-bio-8009"]
Mar 16, 2018 3:48:21 PM org.apache.catalina.startup.Catalina load
INFO: Initialization processed in 413 ms
Mar 16, 2018 3:48:21 PM org.apache.catalina.core.StandardService startInternal
INFO: Starting service Catalina
Mar 16, 2018 3:48:21 PM org.apache.catalina.core.StandardEngine startInternal
INFO: Starting Servlet Engine: Apache Tomcat/7.0.85
Mar 16, 2018 3:48:21 PM org.apache.catalina.startup.HostConfig deployWAR
INFO: Deploying web application archive /Users/tianzhang/Downloads/apache-tomcat-7.0.85/webapps/Twibo.war
Mar 16, 2018 3:48:21 PM org.apache.catalina.loader.WebappClassLoaderBase validateJarFile
INFO: validateJarFile(/Users/tianzhang/Downloads/apache-tomcat-7.0.85/webapps/Twibo/WEB-INF/lib/javax.el-3.0.1-b08.jar) - jar not loaded. See Servlet Spec 3.0, section 10.7.2. Offending class: javax/el/Expression.class
Mar 16, 2018 3:48:22 PM org.apache.catalina.deploy.WebXml setVersion
WARNING: Unknown version string [3.1]. Default version will be used.
Mar 16, 2018 3:48:23 PM org.apache.catalina.startup.TldConfig execute
INFO: At least one JAR was scanned for TLDs yet contained no TLDs. Enable debug logging for this logger for a complete list of JARs that were scanned but no TLDs were found in them. Skipping unneeded JARs during scanning can improve startup time and JSP compilation time.
Mar 16, 2018 3:48:23 PM org.apache.catalina.startup.HostConfig deployWAR
INFO: Deployment of web application archive /Users/tianzhang/Downloads/apache-tomcat-7.0.85/webapps/Twibo.war has finished in 1,740 ms
Mar 16, 2018 3:48:23 PM org.apache.catalina.startup.HostConfig deployDirectory
INFO: Deploying web application directory /Users/tianzhang/Downloads/apache-tomcat-7.0.85/webapps/docs
Mar 16, 2018 3:48:23 PM org.apache.catalina.startup.TldConfig execute
INFO: At least one JAR was scanned for TLDs yet contained no TLDs. Enable debug logging for this logger for a complete list of JARs that were scanned but no TLDs were found in them. Skipping unneeded JARs during scanning can improve startup time and JSP compilation time.
Mar 16, 2018 3:48:23 PM org.apache.catalina.startup.HostConfig deployDirectory
INFO: Deployment of web application directory /Users/tianzhang/Downloads/apache-tomcat-7.0.85/webapps/docs has finished in 42 ms
Mar 16, 2018 3:48:23 PM org.apache.catalina.startup.HostConfig deployDirectory
INFO: Deploying web application directory /Users/tianzhang/Downloads/apache-tomcat-7.0.85/webapps/manager
Mar 16, 2018 3:48:23 PM org.apache.catalina.startup.TldConfig execute
INFO: At least one JAR was scanned for TLDs yet contained no TLDs. Enable debug logging for this logger for a complete list of JARs that were scanned but no TLDs were found in them. Skipping unneeded JARs during scanning can improve startup time and JSP compilation time.
Mar 16, 2018 3:48:23 PM org.apache.catalina.startup.HostConfig deployDirectory
INFO: Deployment of web application directory /Users/tianzhang/Downloads/apache-tomcat-7.0.85/webapps/manager has finished in 92 ms
Mar 16, 2018 3:48:23 PM org.apache.catalina.startup.HostConfig deployDirectory
INFO: Deploying web application directory /Users/tianzhang/Downloads/apache-tomcat-7.0.85/webapps/examples
Mar 16, 2018 3:48:23 PM org.apache.catalina.startup.TldConfig execute
INFO: At least one JAR was scanned for TLDs yet contained no TLDs. Enable debug logging for this logger for a complete list of JARs that were scanned but no TLDs were found in them. Skipping unneeded JARs during scanning can improve startup time and JSP compilation time.
Mar 16, 2018 3:48:23 PM org.apache.catalina.startup.HostConfig deployDirectory
INFO: Deployment of web application directory /Users/tianzhang/Downloads/apache-tomcat-7.0.85/webapps/examples has finished in 142 ms
Mar 16, 2018 3:48:23 PM org.apache.catalina.startup.HostConfig deployDirectory
INFO: Deploying web application directory /Users/tianzhang/Downloads/apache-tomcat-7.0.85/webapps/ROOT
Mar 16, 2018 3:48:23 PM org.apache.catalina.loader.WebappClassLoaderBase validateJarFile
INFO: validateJarFile(/Users/tianzhang/Downloads/apache-tomcat-7.0.85/webapps/ROOT/WEB-INF/lib/javax.el-3.0.1-b08.jar) - jar not loaded. See Servlet Spec 3.0, section 10.7.2. Offending class: javax/el/Expression.class
Mar 16, 2018 3:48:23 PM org.apache.catalina.deploy.WebXml setVersion
WARNING: Unknown version string [3.1]. Default version will be used.
Mar 16, 2018 3:48:24 PM org.apache.catalina.startup.TldConfig execute
INFO: At least one JAR was scanned for TLDs yet contained no TLDs. Enable debug logging for this logger for a complete list of JARs that were scanned but no TLDs were found in them. Skipping unneeded JARs during scanning can improve startup time and JSP compilation time.
Mar 16, 2018 3:48:24 PM org.apache.catalina.startup.HostConfig deployDirectory
INFO: Deployment of web application directory /Users/tianzhang/Downloads/apache-tomcat-7.0.85/webapps/ROOT has finished in 1,012 ms
Mar 16, 2018 3:48:24 PM org.apache.catalina.startup.HostConfig deployDirectory
INFO: Deploying web application directory /Users/tianzhang/Downloads/apache-tomcat-7.0.85/webapps/host-manager
Mar 16, 2018 3:48:24 PM org.apache.catalina.startup.TldConfig execute
INFO: At least one JAR was scanned for TLDs yet contained no TLDs. Enable debug logging for this logger for a complete list of JARs that were scanned but no TLDs were found in them. Skipping unneeded JARs during scanning can improve startup time and JSP compilation time.
Mar 16, 2018 3:48:24 PM org.apache.catalina.startup.HostConfig deployDirectory
INFO: Deployment of web application directory /Users/tianzhang/Downloads/apache-tomcat-7.0.85/webapps/host-manager has finished in 38 ms
Mar 16, 2018 3:48:24 PM org.apache.coyote.AbstractProtocol start
INFO: Starting ProtocolHandler ["http-bio-8080"]
Mar 16, 2018 3:48:24 PM org.apache.coyote.AbstractProtocol start
INFO: Starting ProtocolHandler ["ajp-bio-8009"]
Mar 16, 2018 3:48:24 PM org.apache.catalina.startup.Catalina start
INFO: Server startup in 3119 ms
Mar 16, 2018 3:48:35 PM org.apache.jasper.compiler.TldLocationsCache tldScanJar
INFO: At least one JAR was scanned for TLDs yet contained no TLDs. Enable debug logging for this logger for a complete list of JARs that were scanned but no TLDs were found in them. Skipping unneeded JARs during scanning can improve startup time and JSP compilation time.
Mar 16, 2018 3:49:24 PM org.apache.coyote.AbstractProtocol pause
INFO: Pausing ProtocolHandler ["http-bio-8080"]
Mar 16, 2018 3:49:24 PM org.apache.coyote.AbstractProtocol pause
INFO: Pausing ProtocolHandler ["ajp-bio-8009"]
Mar 16, 2018 3:49:24 PM org.apache.catalina.core.StandardService stopInternal
INFO: Stopping service Catalina
Mar 16, 2018 3:49:24 PM org.apache.coyote.AbstractProtocol stop
INFO: Stopping ProtocolHandler ["http-bio-8080"]
Mar 16, 2018 3:49:24 PM org.apache.coyote.AbstractProtocol stop
INFO: Stopping ProtocolHandler ["ajp-bio-8009"]
Mar 16, 2018 3:49:24 PM org.apache.coyote.AbstractProtocol destroy
INFO: Destroying ProtocolHandler ["http-bio-8080"]
Mar 16, 2018 3:49:24 PM org.apache.coyote.AbstractProtocol destroy
INFO: Destroying ProtocolHandler ["ajp-bio-8009"]
Mar 16, 2018 3:50:29 PM org.apache.catalina.startup.VersionLoggerListener log
INFO: Server version:        Apache Tomcat/7.0.85
Mar 16, 2018 3:50:29 PM org.apache.catalina.startup.VersionLoggerListener log
INFO: Server built:          Feb 7 2018 18:52:33 UTC
Mar 16, 2018 3:50:29 PM org.apache.catalina.startup.VersionLoggerListener log
INFO: Server number:         7.0.85.0
Mar 16, 2018 3:50:29 PM org.apache.catalina.startup.VersionLoggerListener log
INFO: OS Name:               Mac OS X
Mar 16, 2018 3:50:29 PM org.apache.catalina.startup.VersionLoggerListener log
INFO: OS Version:            10.13.3
Mar 16, 2018 3:50:29 PM org.apache.catalina.startup.VersionLoggerListener log
INFO: Architecture:          x86_64
Mar 16, 2018 3:50:29 PM org.apache.catalina.startup.VersionLoggerListener log
INFO: Java Home:             /Library/Java/JavaVirtualMachines/jdk1.8.0_144.jdk/Contents/Home/jre
Mar 16, 2018 3:50:29 PM org.apache.catalina.startup.VersionLoggerListener log
INFO: JVM Version:           1.8.0_144-b01
Mar 16, 2018 3:50:29 PM org.apache.catalina.startup.VersionLoggerListener log
INFO: JVM Vendor:            Oracle Corporation
Mar 16, 2018 3:50:29 PM org.apache.catalina.startup.VersionLoggerListener log
INFO: CATALINA_BASE:         /Users/tianzhang/Downloads/apache-tomcat-7.0.85
Mar 16, 2018 3:50:29 PM org.apache.catalina.startup.VersionLoggerListener log
INFO: CATALINA_HOME:         /Users/tianzhang/Downloads/apache-tomcat-7.0.85
Mar 16, 2018 3:50:29 PM org.apache.catalina.startup.VersionLoggerListener log
INFO: Command line argument: -Djava.util.logging.config.file=/Users/tianzhang/Downloads/apache-tomcat-7.0.85/conf/logging.properties
Mar 16, 2018 3:50:29 PM org.apache.catalina.startup.VersionLoggerListener log
INFO: Command line argument: -Djava.util.logging.manager=org.apache.juli.ClassLoaderLogManager
Mar 16, 2018 3:50:29 PM org.apache.catalina.startup.VersionLoggerListener log
INFO: Command line argument: -Djdk.tls.ephemeralDHKeySize=2048
Mar 16, 2018 3:50:29 PM org.apache.catalina.startup.VersionLoggerListener log
INFO: Command line argument: -Dignore.endorsed.dirs=
Mar 16, 2018 3:50:29 PM org.apache.catalina.startup.VersionLoggerListener log
INFO: Command line argument: -Dcatalina.base=/Users/tianzhang/Downloads/apache-tomcat-7.0.85
Mar 16, 2018 3:50:29 PM org.apache.catalina.startup.VersionLoggerListener log
INFO: Command line argument: -Dcatalina.home=/Users/tianzhang/Downloads/apache-tomcat-7.0.85
Mar 16, 2018 3:50:29 PM org.apache.catalina.startup.VersionLoggerListener log
INFO: Command line argument: -Djava.io.tmpdir=/Users/tianzhang/Downloads/apache-tomcat-7.0.85/temp
Mar 16, 2018 3:50:29 PM org.apache.catalina.core.AprLifecycleListener lifecycleEvent
INFO: The APR based Apache Tomcat Native library which allows optimal performance in production environments was not found on the java.library.path: /Users/tianzhang/Library/Java/Extensions:/Library/Java/Extensions:/Network/Library/Java/Extensions:/System/Library/Java/Extensions:/usr/lib/java:.
Mar 16, 2018 3:50:29 PM org.apache.coyote.AbstractProtocol init
INFO: Initializing ProtocolHandler ["http-bio-8080"]
Mar 16, 2018 3:50:29 PM org.apache.coyote.AbstractProtocol init
INFO: Initializing ProtocolHandler ["ajp-bio-8009"]
Mar 16, 2018 3:50:29 PM org.apache.catalina.startup.Catalina load
INFO: Initialization processed in 425 ms
Mar 16, 2018 3:50:29 PM org.apache.catalina.core.StandardService startInternal
INFO: Starting service Catalina
Mar 16, 2018 3:50:29 PM org.apache.catalina.core.StandardEngine startInternal
INFO: Starting Servlet Engine: Apache Tomcat/7.0.85
Mar 16, 2018 3:50:29 PM org.apache.catalina.startup.HostConfig deployWAR
INFO: Deploying web application archive /Users/tianzhang/Downloads/apache-tomcat-7.0.85/webapps/Twibo.war
Mar 16, 2018 3:50:29 PM org.apache.catalina.loader.WebappClassLoaderBase validateJarFile
INFO: validateJarFile(/Users/tianzhang/Downloads/apache-tomcat-7.0.85/webapps/Twibo/WEB-INF/lib/javax.el-3.0.1-b08.jar) - jar not loaded. See Servlet Spec 3.0, section 10.7.2. Offending class: javax/el/Expression.class
Mar 16, 2018 3:50:29 PM org.apache.catalina.deploy.WebXml setVersion
WARNING: Unknown version string [3.1]. Default version will be used.
Mar 16, 2018 3:50:31 PM org.apache.catalina.startup.TldConfig execute
INFO: At least one JAR was scanned for TLDs yet contained no TLDs. Enable debug logging for this logger for a complete list of JARs that were scanned but no TLDs were found in them. Skipping unneeded JARs during scanning can improve startup time and JSP compilation time.
Mar 16, 2018 3:50:31 PM org.apache.catalina.startup.HostConfig deployWAR
INFO: Deployment of web application archive /Users/tianzhang/Downloads/apache-tomcat-7.0.85/webapps/Twibo.war has finished in 1,715 ms
Mar 16, 2018 3:50:31 PM org.apache.catalina.startup.HostConfig deployDirectory
INFO: Deploying web application directory /Users/tianzhang/Downloads/apache-tomcat-7.0.85/webapps/docs
Mar 16, 2018 3:50:31 PM org.apache.catalina.startup.TldConfig execute
INFO: At least one JAR was scanned for TLDs yet contained no TLDs. Enable debug logging for this logger for a complete list of JARs that were scanned but no TLDs were found in them. Skipping unneeded JARs during scanning can improve startup time and JSP compilation time.
Mar 16, 2018 3:50:31 PM org.apache.catalina.startup.HostConfig deployDirectory
INFO: Deployment of web application directory /Users/tianzhang/Downloads/apache-tomcat-7.0.85/webapps/docs has finished in 34 ms
Mar 16, 2018 3:50:31 PM org.apache.catalina.startup.HostConfig deployDirectory
INFO: Deploying web application directory /Users/tianzhang/Downloads/apache-tomcat-7.0.85/webapps/manager
Mar 16, 2018 3:50:31 PM org.apache.catalina.startup.TldConfig execute
INFO: At least one JAR was scanned for TLDs yet contained no TLDs. Enable debug logging for this logger for a complete list of JARs that were scanned but no TLDs were found in them. Skipping unneeded JARs during scanning can improve startup time and JSP compilation time.
Mar 16, 2018 3:50:31 PM org.apache.catalina.startup.HostConfig deployDirectory
INFO: Deployment of web application directory /Users/tianzhang/Downloads/apache-tomcat-7.0.85/webapps/manager has finished in 91 ms
Mar 16, 2018 3:50:31 PM org.apache.catalina.startup.HostConfig deployDirectory
INFO: Deploying web application directory /Users/tianzhang/Downloads/apache-tomcat-7.0.85/webapps/examples
Mar 16, 2018 3:50:31 PM org.apache.catalina.startup.TldConfig execute
INFO: At least one JAR was scanned for TLDs yet contained no TLDs. Enable debug logging for this logger for a complete list of JARs that were scanned but no TLDs were found in them. Skipping unneeded JARs during scanning can improve startup time and JSP compilation time.
Mar 16, 2018 3:50:31 PM org.apache.catalina.startup.HostConfig deployDirectory
INFO: Deployment of web application directory /Users/tianzhang/Downloads/apache-tomcat-7.0.85/webapps/examples has finished in 161 ms
Mar 16, 2018 3:50:31 PM org.apache.catalina.startup.HostConfig deployDirectory
INFO: Deploying web application directory /Users/tianzhang/Downloads/apache-tomcat-7.0.85/webapps/ROOT
Mar 16, 2018 3:50:31 PM org.apache.catalina.loader.WebappClassLoaderBase validateJarFile
INFO: validateJarFile(/Users/tianzhang/Downloads/apache-tomcat-7.0.85/webapps/ROOT/WEB-INF/lib/javax.el-3.0.1-b08.jar) - jar not loaded. See Servlet Spec 3.0, section 10.7.2. Offending class: javax/el/Expression.class
Mar 16, 2018 3:50:31 PM org.apache.catalina.deploy.WebXml setVersion
WARNING: Unknown version string [3.1]. Default version will be used.
Mar 16, 2018 3:50:32 PM org.apache.catalina.startup.TldConfig execute
INFO: At least one JAR was scanned for TLDs yet contained no TLDs. Enable debug logging for this logger for a complete list of JARs that were scanned but no TLDs were found in them. Skipping unneeded JARs during scanning can improve startup time and JSP compilation time.
Mar 16, 2018 3:50:32 PM org.apache.catalina.startup.HostConfig deployDirectory
INFO: Deployment of web application directory /Users/tianzhang/Downloads/apache-tomcat-7.0.85/webapps/ROOT has finished in 1,062 ms
Mar 16, 2018 3:50:32 PM org.apache.catalina.startup.HostConfig deployDirectory
INFO: Deploying web application directory /Users/tianzhang/Downloads/apache-tomcat-7.0.85/webapps/host-manager
Mar 16, 2018 3:50:32 PM org.apache.catalina.startup.TldConfig execute
INFO: At least one JAR was scanned for TLDs yet contained no TLDs. Enable debug logging for this logger for a complete list of JARs that were scanned but no TLDs were found in them. Skipping unneeded JARs during scanning can improve startup time and JSP compilation time.
Mar 16, 2018 3:50:32 PM org.apache.catalina.startup.HostConfig deployDirectory
INFO: Deployment of web application directory /Users/tianzhang/Downloads/apache-tomcat-7.0.85/webapps/host-manager has finished in 42 ms
Mar 16, 2018 3:50:32 PM org.apache.coyote.AbstractProtocol start
INFO: Starting ProtocolHandler ["http-bio-8080"]
Mar 16, 2018 3:50:32 PM org.apache.coyote.AbstractProtocol start
INFO: Starting ProtocolHandler ["ajp-bio-8009"]
Mar 16, 2018 3:50:32 PM org.apache.catalina.startup.Catalina start
INFO: Server startup in 3156 ms
Mar 16, 2018 3:50:50 PM org.apache.coyote.AbstractProtocol pause
INFO: Pausing ProtocolHandler ["http-bio-8080"]
Mar 16, 2018 3:50:50 PM org.apache.coyote.AbstractProtocol pause
INFO: Pausing ProtocolHandler ["ajp-bio-8009"]
Mar 16, 2018 3:50:50 PM org.apache.catalina.core.StandardService stopInternal
INFO: Stopping service Catalina
Mar 16, 2018 3:50:50 PM org.apache.coyote.AbstractProtocol stop
INFO: Stopping ProtocolHandler ["http-bio-8080"]
Mar 16, 2018 3:50:50 PM org.apache.coyote.AbstractProtocol stop
INFO: Stopping ProtocolHandler ["ajp-bio-8009"]
Mar 16, 2018 3:50:50 PM org.apache.coyote.AbstractProtocol destroy
INFO: Destroying ProtocolHandler ["http-bio-8080"]
Mar 16, 2018 3:50:50 PM org.apache.coyote.AbstractProtocol destroy
INFO: Destroying ProtocolHandler ["ajp-bio-8009"]
Mar 16, 2018 3:57:55 PM org.apache.catalina.startup.VersionLoggerListener log
INFO: Server version:        Apache Tomcat/7.0.85
Mar 16, 2018 3:57:55 PM org.apache.catalina.startup.VersionLoggerListener log
INFO: Server built:          Feb 7 2018 18:52:33 UTC
Mar 16, 2018 3:57:55 PM org.apache.catalina.startup.VersionLoggerListener log
INFO: Server number:         7.0.85.0
Mar 16, 2018 3:57:55 PM org.apache.catalina.startup.VersionLoggerListener log
INFO: OS Name:               Mac OS X
Mar 16, 2018 3:57:55 PM org.apache.catalina.startup.VersionLoggerListener log
INFO: OS Version:            10.13.3
Mar 16, 2018 3:57:55 PM org.apache.catalina.startup.VersionLoggerListener log
INFO: Architecture:          x86_64
Mar 16, 2018 3:57:55 PM org.apache.catalina.startup.VersionLoggerListener log
INFO: Java Home:             /Library/Java/JavaVirtualMachines/jdk1.8.0_144.jdk/Contents/Home/jre
Mar 16, 2018 3:57:55 PM org.apache.catalina.startup.VersionLoggerListener log
INFO: JVM Version:           1.8.0_144-b01
Mar 16, 2018 3:57:55 PM org.apache.catalina.startup.VersionLoggerListener log
INFO: JVM Vendor:            Oracle Corporation
Mar 16, 2018 3:57:55 PM org.apache.catalina.startup.VersionLoggerListener log
INFO: CATALINA_BASE:         /Users/tianzhang/Downloads/apache-tomcat-7.0.85
Mar 16, 2018 3:57:55 PM org.apache.catalina.startup.VersionLoggerListener log
INFO: CATALINA_HOME:         /Users/tianzhang/Downloads/apache-tomcat-7.0.85
Mar 16, 2018 3:57:55 PM org.apache.catalina.startup.VersionLoggerListener log
INFO: Command line argument: -Djava.util.logging.config.file=/Users/tianzhang/Downloads/apache-tomcat-7.0.85/conf/logging.properties
Mar 16, 2018 3:57:55 PM org.apache.catalina.startup.VersionLoggerListener log
INFO: Command line argument: -Djava.util.logging.manager=org.apache.juli.ClassLoaderLogManager
Mar 16, 2018 3:57:55 PM org.apache.catalina.startup.VersionLoggerListener log
INFO: Command line argument: -Djdk.tls.ephemeralDHKeySize=2048
Mar 16, 2018 3:57:55 PM org.apache.catalina.startup.VersionLoggerListener log
INFO: Command line argument: -Dignore.endorsed.dirs=
Mar 16, 2018 3:57:55 PM org.apache.catalina.startup.VersionLoggerListener log
INFO: Command line argument: -Dcatalina.base=/Users/tianzhang/Downloads/apache-tomcat-7.0.85
Mar 16, 2018 3:57:55 PM org.apache.catalina.startup.VersionLoggerListener log
INFO: Command line argument: -Dcatalina.home=/Users/tianzhang/Downloads/apache-tomcat-7.0.85
Mar 16, 2018 3:57:55 PM org.apache.catalina.startup.VersionLoggerListener log
INFO: Command line argument: -Djava.io.tmpdir=/Users/tianzhang/Downloads/apache-tomcat-7.0.85/temp
Mar 16, 2018 3:57:55 PM org.apache.catalina.core.AprLifecycleListener lifecycleEvent
INFO: The APR based Apache Tomcat Native library which allows optimal performance in production environments was not found on the java.library.path: /Users/tianzhang/Library/Java/Extensions:/Library/Java/Extensions:/Network/Library/Java/Extensions:/System/Library/Java/Extensions:/usr/lib/java:.
Mar 16, 2018 3:57:55 PM org.apache.coyote.AbstractProtocol init
INFO: Initializing ProtocolHandler ["http-bio-8080"]
Mar 16, 2018 3:57:55 PM org.apache.coyote.AbstractProtocol init
INFO: Initializing ProtocolHandler ["ajp-bio-8009"]
Mar 16, 2018 3:57:55 PM org.apache.catalina.startup.Catalina load
INFO: Initialization processed in 427 ms
Mar 16, 2018 3:57:55 PM org.apache.catalina.core.StandardService startInternal
INFO: Starting service Catalina
Mar 16, 2018 3:57:55 PM org.apache.catalina.core.StandardEngine startInternal
INFO: Starting Servlet Engine: Apache Tomcat/7.0.85
Mar 16, 2018 3:57:55 PM org.apache.catalina.startup.HostConfig deployWAR
INFO: Deploying web application archive /Users/tianzhang/Downloads/apache-tomcat-7.0.85/webapps/Twibo.war
Mar 16, 2018 3:57:55 PM org.apache.catalina.loader.WebappClassLoaderBase validateJarFile
INFO: validateJarFile(/Users/tianzhang/Downloads/apache-tomcat-7.0.85/webapps/Twibo/WEB-INF/lib/javax.el-3.0.1-b08.jar) - jar not loaded. See Servlet Spec 3.0, section 10.7.2. Offending class: javax/el/Expression.class
Mar 16, 2018 3:57:55 PM org.apache.catalina.deploy.WebXml setVersion
WARNING: Unknown version string [3.1]. Default version will be used.
Mar 16, 2018 3:57:56 PM org.apache.catalina.startup.TldConfig execute
INFO: At least one JAR was scanned for TLDs yet contained no TLDs. Enable debug logging for this logger for a complete list of JARs that were scanned but no TLDs were found in them. Skipping unneeded JARs during scanning can improve startup time and JSP compilation time.
Mar 16, 2018 3:57:56 PM org.apache.catalina.startup.HostConfig deployWAR
INFO: Deployment of web application archive /Users/tianzhang/Downloads/apache-tomcat-7.0.85/webapps/Twibo.war has finished in 1,356 ms
Mar 16, 2018 3:57:56 PM org.apache.catalina.startup.HostConfig deployDirectory
INFO: Deploying web application directory /Users/tianzhang/Downloads/apache-tomcat-7.0.85/webapps/docs
Mar 16, 2018 3:57:56 PM org.apache.catalina.startup.TldConfig execute
INFO: At least one JAR was scanned for TLDs yet contained no TLDs. Enable debug logging for this logger for a complete list of JARs that were scanned but no TLDs were found in them. Skipping unneeded JARs during scanning can improve startup time and JSP compilation time.
Mar 16, 2018 3:57:56 PM org.apache.catalina.startup.HostConfig deployDirectory
INFO: Deployment of web application directory /Users/tianzhang/Downloads/apache-tomcat-7.0.85/webapps/docs has finished in 36 ms
Mar 16, 2018 3:57:56 PM org.apache.catalina.startup.HostConfig deployDirectory
INFO: Deploying web application directory /Users/tianzhang/Downloads/apache-tomcat-7.0.85/webapps/manager
Mar 16, 2018 3:57:56 PM org.apache.catalina.startup.TldConfig execute
INFO: At least one JAR was scanned for TLDs yet contained no TLDs. Enable debug logging for this logger for a complete list of JARs that were scanned but no TLDs were found in them. Skipping unneeded JARs during scanning can improve startup time and JSP compilation time.
Mar 16, 2018 3:57:56 PM org.apache.catalina.startup.HostConfig deployDirectory
INFO: Deployment of web application directory /Users/tianzhang/Downloads/apache-tomcat-7.0.85/webapps/manager has finished in 96 ms
Mar 16, 2018 3:57:56 PM org.apache.catalina.startup.HostConfig deployDirectory
INFO: Deploying web application directory /Users/tianzhang/Downloads/apache-tomcat-7.0.85/webapps/examples
Mar 16, 2018 3:57:56 PM org.apache.catalina.startup.TldConfig execute
INFO: At least one JAR was scanned for TLDs yet contained no TLDs. Enable debug logging for this logger for a complete list of JARs that were scanned but no TLDs were found in them. Skipping unneeded JARs during scanning can improve startup time and JSP compilation time.
Mar 16, 2018 3:57:56 PM org.apache.catalina.startup.HostConfig deployDirectory
INFO: Deployment of web application directory /Users/tianzhang/Downloads/apache-tomcat-7.0.85/webapps/examples has finished in 109 ms
Mar 16, 2018 3:57:56 PM org.apache.catalina.startup.HostConfig deployDirectory
INFO: Deploying web application directory /Users/tianzhang/Downloads/apache-tomcat-7.0.85/webapps/ROOT
Mar 16, 2018 3:57:56 PM org.apache.catalina.loader.WebappClassLoaderBase validateJarFile
INFO: validateJarFile(/Users/tianzhang/Downloads/apache-tomcat-7.0.85/webapps/ROOT/WEB-INF/lib/javax.el-3.0.1-b08.jar) - jar not loaded. See Servlet Spec 3.0, section 10.7.2. Offending class: javax/el/Expression.class
Mar 16, 2018 3:57:56 PM org.apache.catalina.deploy.WebXml setVersion
WARNING: Unknown version string [3.1]. Default version will be used.
Mar 16, 2018 3:57:57 PM org.apache.catalina.startup.TldConfig execute
INFO: At least one JAR was scanned for TLDs yet contained no TLDs. Enable debug logging for this logger for a complete list of JARs that were scanned but no TLDs were found in them. Skipping unneeded JARs during scanning can improve startup time and JSP compilation time.
Mar 16, 2018 3:57:57 PM org.apache.catalina.startup.HostConfig deployDirectory
INFO: Deployment of web application directory /Users/tianzhang/Downloads/apache-tomcat-7.0.85/webapps/ROOT has finished in 968 ms
Mar 16, 2018 3:57:57 PM org.apache.catalina.startup.HostConfig deployDirectory
INFO: Deploying web application directory /Users/tianzhang/Downloads/apache-tomcat-7.0.85/webapps/host-manager
Mar 16, 2018 3:57:57 PM org.apache.catalina.startup.TldConfig execute
INFO: At least one JAR was scanned for TLDs yet contained no TLDs. Enable debug logging for this logger for a complete list of JARs that were scanned but no TLDs were found in them. Skipping unneeded JARs during scanning can improve startup time and JSP compilation time.
Mar 16, 2018 3:57:57 PM org.apache.catalina.startup.HostConfig deployDirectory
INFO: Deployment of web application directory /Users/tianzhang/Downloads/apache-tomcat-7.0.85/webapps/host-manager has finished in 70 ms
Mar 16, 2018 3:57:57 PM org.apache.coyote.AbstractProtocol start
INFO: Starting ProtocolHandler ["http-bio-8080"]
Mar 16, 2018 3:57:57 PM org.apache.coyote.AbstractProtocol start
INFO: Starting ProtocolHandler ["ajp-bio-8009"]
Mar 16, 2018 3:57:57 PM org.apache.catalina.startup.Catalina start
INFO: Server startup in 2676 ms
Mar 16, 2018 4:08:45 PM org.apache.coyote.AbstractProtocol pause
INFO: Pausing ProtocolHandler ["http-bio-8080"]
Mar 16, 2018 4:08:45 PM org.apache.coyote.AbstractProtocol pause
INFO: Pausing ProtocolHandler ["ajp-bio-8009"]
Mar 16, 2018 4:08:45 PM org.apache.catalina.core.StandardService stopInternal
INFO: Stopping service Catalina
Mar 16, 2018 4:08:45 PM org.apache.coyote.AbstractProtocol stop
INFO: Stopping ProtocolHandler ["http-bio-8080"]
Mar 16, 2018 4:08:45 PM org.apache.coyote.AbstractProtocol stop
INFO: Stopping ProtocolHandler ["ajp-bio-8009"]
Mar 16, 2018 4:08:45 PM org.apache.coyote.AbstractProtocol destroy
INFO: Destroying ProtocolHandler ["http-bio-8080"]
Mar 16, 2018 4:08:45 PM org.apache.coyote.AbstractProtocol destroy
INFO: Destroying ProtocolHandler ["ajp-bio-8009"]
